<?xml version="1.0" encoding="UTF-8"?>
<!-- Generated by org.testng.reporters.JUnitXMLReporter -->
<testsuite hostname="Udruzenje-PC" ignored="0" name="Default test" tests="3" failures="0" timestamp="2020-05-23T12:43:45 CEST" time="232.143" errors="0">
  <testcase name="loginUserWithoutRegistration" time="2.783" classname="sandbox.test.LoginTest"/>
  <testcase name="loginOneUser" time="9.579" classname="sandbox.test.LoginTest"/>
  <testcase name="login30Users" time="207.995" classname="sandbox.test.LoginTest"/>
</testsuite> <!-- Default test -->
