<?xml version="1.0" encoding="UTF-8"?>
<testng-results skipped="0" failed="0" ignored="0" total="3" passed="3">
  <reporter-output>
  </reporter-output>
  <suite name="Default suite" duration-ms="232143" started-at="2020-05-23T12:39:53 CEST" finished-at="2020-05-23T12:43:45 CEST">
    <groups>
    </groups>
    <test name="Default test" duration-ms="232143" started-at="2020-05-23T12:39:53 CEST" finished-at="2020-05-23T12:43:45 CEST">
      <class name="sandbox.test.LoginTest">
        <test-method status="PASS" signature="openBrowser()[pri:0, instance:sandbox.test.LoginTest@48503868]" name="openBrowser" is-config="true" duration-ms="5394" started-at="2020-05-23T12:39:53 CEST" finished-at="2020-05-23T12:39:59 CEST">
          <reporter-output>
          </reporter-output>
        </test-method> <!-- openBrowser -->
        <test-method status="PASS" signature="logPage()[pri:0, instance:sandbox.test.LoginTest@48503868]" name="logPage" is-config="true" duration-ms="3585" started-at="2020-05-23T12:39:59 CEST" finished-at="2020-05-23T12:40:02 CEST">
          <reporter-output>
          </reporter-output>
        </test-method> <!-- logPage -->
        <test-method status="PASS" signature="loginUserWithoutRegistration()[pri:1, instance:sandbox.test.LoginTest@48503868]" name="loginUserWithoutRegistration" duration-ms="2783" started-at="2020-05-23T12:40:02 CEST" finished-at="2020-05-23T12:40:05 CEST">
          <reporter-output>
          </reporter-output>
        </test-method> <!-- loginUserWithoutRegistration -->
        <test-method status="PASS" signature="logPage()[pri:0, instance:sandbox.test.LoginTest@48503868]" name="logPage" is-config="true" duration-ms="873" started-at="2020-05-23T12:40:05 CEST" finished-at="2020-05-23T12:40:06 CEST">
          <reporter-output>
          </reporter-output>
        </test-method> <!-- logPage -->
        <test-method status="PASS" signature="loginOneUser()[pri:2, instance:sandbox.test.LoginTest@48503868]" name="loginOneUser" duration-ms="9579" started-at="2020-05-23T12:40:06 CEST" finished-at="2020-05-23T12:40:15 CEST">
          <reporter-output>
          </reporter-output>
        </test-method> <!-- loginOneUser -->
        <test-method status="PASS" signature="logPage()[pri:0, instance:sandbox.test.LoginTest@48503868]" name="logPage" is-config="true" duration-ms="1019" started-at="2020-05-23T12:40:15 CEST" finished-at="2020-05-23T12:40:16 CEST">
          <reporter-output>
          </reporter-output>
        </test-method> <!-- logPage -->
        <test-method status="PASS" signature="login30Users()[pri:3, instance:sandbox.test.LoginTest@48503868]" name="login30Users" duration-ms="207995" started-at="2020-05-23T12:40:16 CEST" finished-at="2020-05-23T12:43:44 CEST">
          <reporter-output>
          </reporter-output>
        </test-method> <!-- login30Users -->
        <test-method status="PASS" signature="closeBrowser()[pri:0, instance:sandbox.test.LoginTest@48503868]" name="closeBrowser" is-config="true" duration-ms="842" started-at="2020-05-23T12:43:44 CEST" finished-at="2020-05-23T12:43:45 CEST">
          <reporter-output>
          </reporter-output>
        </test-method> <!-- closeBrowser -->
      </class> <!-- sandbox.test.LoginTest -->
    </test> <!-- Default test -->
  </suite> <!-- Default suite -->
</testng-results>
